android/app/build/intermediates/manifest_merge_blame_file/debug/processDebugMainManifest/manifest-merger-blame-debug-report.txt
1<?xml version="1.0" encoding="utf-8"?>
2<manifest xmlns:android="http://schemas.android.com/apk/res/android"
3    package="com.example.inventry_app"
4    android:versionCode="1"
5    android:versionName="1.0.0" >
6
7    <uses-sdk
8        android:minSdkVersion="23"
9        android:targetSdkVersion="35" />
10    <!--
11         The INTERNET permission is required for development. Specifically,
12         the Flutter tool needs it to communicate with the running application
13         to allow setting breakpoints, to provide hot reload, etc.
14    -->
15    <uses-permission android:name="android.permission.INTERNET" />
15-->src\debug\AndroidManifest.xml:6:5-66
15-->src\debug\AndroidManifest.xml:6:22-64
16    <!--
17     Required to query activities that can process text, see:
18         https://developer.android.com/training/package-visibility and
19         https://developer.android.com/reference/android/content/Intent#ACTION_PROCESS_TEXT.
20
21         In particular, this is used by the Flutter engine in io.flutter.plugin.text.ProcessTextPlugin.
22    -->
23    <queries>
23-->src\main\AndroidManifest.xml:39:5-44:15
24        <intent>
24-->src\main\AndroidManifest.xml:40:9-43:18
25            <action android:name="android.intent.action.PROCESS_TEXT" />
25-->src\main\AndroidManifest.xml:41:13-72
25-->src\main\AndroidManifest.xml:41:21-70
26
27            <data android:mimeType="text/plain" />
27-->src\main\AndroidManifest.xml:42:13-50
27-->src\main\AndroidManifest.xml:42:19-48
28        </intent>
29    </queries>
30
31    <uses-permission android:name="android.permission.WAKE_LOCK" />
31-->[:firebase_messaging] AndroidManifest.xml:8:5-68
31-->[:firebase_messaging] AndroidManifest.xml:8:22-65
32    <uses-permission android:name="android.permission.ACCESS_NETWORK_STATE" /> <!-- Permissions options for the `notification` group -->
32-->[:firebase_messaging] AndroidManifest.xml:9:5-79
32-->[:firebase_messaging] AndroidManifest.xml:9:22-76
33    <uses-permission android:name="android.permission.POST_NOTIFICATIONS" /> <!-- Required by older versions of Google Play services to create IID tokens -->
33-->[:firebase_messaging] AndroidManifest.xml:11:5-77
33-->[:firebase_messaging] AndroidManifest.xml:11:22-74
34    <uses-permission android:name="com.google.android.c2dm.permission.RECEIVE" />
34-->[com.google.firebase:firebase-messaging:24.1.2] AndroidManifest.xml:26:5-82
34-->[com.google.firebase:firebase-messaging:24.1.2] AndroidManifest.xml:26:22-79
35    <uses-permission android:name="android.permission.VIBRATE" />
35-->[:flutter_local_notifications] AndroidManifest.xml:7:5-66
35-->[:flutter_local_notifications] AndroidManifest.xml:7:22-63
36    <uses-permission android:name="com.google.android.providers.gsf.permission.READ_GSERVICES" />
36-->[com.google.android.recaptcha:recaptcha:18.6.1] AndroidManifest.xml:9:5-98
36-->[com.google.android.recaptcha:recaptcha:18.6.1] AndroidManifest.xml:9:22-95
37
38    <permission
38-->[androidx.core:core:1.13.1] AndroidManifest.xml:22:5-24:47
39        android:name="com.example.inventry_app.DYNAMIC_RECEIVER_NOT_EXPORTED_PERMISSION"
39-->[androidx.core:core:1.13.1] AndroidManifest.xml:23:9-81
40        android:protectionLevel="signature" />
40-->[androidx.core:core:1.13.1] AndroidManifest.xml:24:9-44
41
42    <uses-permission android:name="com.example.inventry_app.DYNAMIC_RECEIVER_NOT_EXPORTED_PERMISSION" />
42-->[androidx.core:core:1.13.1] AndroidManifest.xml:26:5-97
42-->[androidx.core:core:1.13.1] AndroidManifest.xml:26:22-94
43
44    <application
45        android:name="android.app.Application"
46        android:appComponentFactory="androidx.core.app.CoreComponentFactory"
46-->[androidx.core:core:1.13.1] AndroidManifest.xml:28:18-86
47        android:debuggable="true"
48        android:extractNativeLibs="false"
49        android:icon="@mipmap/ic_launcher"
50        android:label="inventry_app" >
51        <activity
52            android:name="com.example.inventry_app.MainActivity"
53            android:configChanges="orientation|keyboardHidden|keyboard|screenSize|smallestScreenSize|locale|layoutDirection|fontScale|screenLayout|density|uiMode"
54            android:exported="true"
55            android:hardwareAccelerated="true"
56            android:launchMode="singleTop"
57            android:taskAffinity=""
58            android:theme="@style/LaunchTheme"
59            android:windowSoftInputMode="adjustResize" >
60
61            <!--
62                 Specifies an Android theme to apply to this Activity as soon as
63                 the Android process has started. This theme is visible to the user
64                 while the Flutter UI initializes. After that, this theme continues
65                 to determine the Window background behind the Flutter UI.
66            -->
67            <meta-data
68                android:name="io.flutter.embedding.android.NormalTheme"
69                android:resource="@style/NormalTheme" />
70
71            <intent-filter>
72                <action android:name="android.intent.action.MAIN" />
73
74                <category android:name="android.intent.category.LAUNCHER" />
75            </intent-filter>
76        </activity>
77        <!--
78             Don't delete the meta-data below.
79             This is used by the Flutter tool to generate GeneratedPluginRegistrant.java
80        -->
81        <meta-data
82            android:name="flutterEmbedding"
83            android:value="2" />
84
85        <service
85-->[:firebase_auth] AndroidManifest.xml:8:9-12:19
86            android:name="com.google.firebase.components.ComponentDiscoveryService"
86-->[:firebase_auth] AndroidManifest.xml:8:18-89
87            android:directBootAware="true"
87-->[com.google.firebase:firebase-common:21.0.0] AndroidManifest.xml:32:13-43
88            android:exported="false" >
88-->[com.google.firebase:firebase-auth:23.2.1] AndroidManifest.xml:68:13-37
89            <meta-data
89-->[:firebase_auth] AndroidManifest.xml:9:13-11:85
90                android:name="com.google.firebase.components:io.flutter.plugins.firebase.auth.FlutterFirebaseAuthRegistrar"
90-->[:firebase_auth] AndroidManifest.xml:10:17-124
91                android:value="com.google.firebase.components.ComponentRegistrar" />
91-->[:firebase_auth] AndroidManifest.xml:11:17-82
92            <meta-data
92-->[:cloud_firestore] AndroidManifest.xml:9:13-11:85
93                android:name="com.google.firebase.components:io.flutter.plugins.firebase.firestore.FlutterFirebaseFirestoreRegistrar"
93-->[:cloud_firestore] AndroidManifest.xml:10:17-134
94                android:value="com.google.firebase.components.ComponentRegistrar" />
94-->[:cloud_firestore] AndroidManifest.xml:11:17-82
95            <meta-data
95-->[:firebase_messaging] AndroidManifest.xml:36:13-38:85
96                android:name="com.google.firebase.components:io.flutter.plugins.firebase.messaging.FlutterFirebaseAppRegistrar"
96-->[:firebase_messaging] AndroidManifest.xml:37:17-128
97                android:value="com.google.firebase.components.ComponentRegistrar" />
97-->[:firebase_messaging] AndroidManifest.xml:38:17-82
98            <meta-data
98-->[:firebase_storage] AndroidManifest.xml:9:13-11:85
99                android:name="com.google.firebase.components:io.flutter.plugins.firebase.storage.FlutterFirebaseAppRegistrar"
99-->[:firebase_storage] AndroidManifest.xml:10:17-126
100                android:value="com.google.firebase.components.ComponentRegistrar" />
100-->[:firebase_storage] AndroidManifest.xml:11:17-82
101            <meta-data
101-->[:firebase_core] AndroidManifest.xml:9:13-11:85
102                android:name="com.google.firebase.components:io.flutter.plugins.firebase.core.FlutterFirebaseCoreRegistrar"
102-->[:firebase_core] AndroidManifest.xml:10:17-124
103                android:value="com.google.firebase.components.ComponentRegistrar" />
103-->[:firebase_core] AndroidManifest.xml:11:17-82
104            <meta-data
104-->[com.google.firebase:firebase-auth:23.2.1] AndroidManifest.xml:69:13-71:85
105                android:name="com.google.firebase.components:com.google.firebase.auth.FirebaseAuthRegistrar"
105-->[com.google.firebase:firebase-auth:23.2.1] AndroidManifest.xml:70:17-109
106                android:value="com.google.firebase.components.ComponentRegistrar" />
106-->[com.google.firebase:firebase-auth:23.2.1] AndroidManifest.xml:71:17-82
107            <meta-data
107-->[com.google.firebase:firebase-firestore:25.1.4] AndroidManifest.xml:17:13-19:85
108                android:name="com.google.firebase.components:com.google.firebase.firestore.FirebaseFirestoreKtxRegistrar"
108-->[com.google.firebase:firebase-firestore:25.1.4] AndroidManifest.xml:18:17-122
109                android:value="com.google.firebase.components.ComponentRegistrar" />
109-->[com.google.firebase:firebase-firestore:25.1.4] AndroidManifest.xml:19:17-82
110            <meta-data
110-->[com.google.firebase:firebase-firestore:25.1.4] AndroidManifest.xml:20:13-22:85
111                android:name="com.google.firebase.components:com.google.firebase.firestore.FirestoreRegistrar"
111-->[com.google.firebase:firebase-firestore:25.1.4] AndroidManifest.xml:21:17-111
112                android:value="com.google.firebase.components.ComponentRegistrar" />
112-->[com.google.firebase:firebase-firestore:25.1.4] AndroidManifest.xml:22:17-82
113            <meta-data
113-->[com.google.firebase:firebase-messaging:24.1.2] AndroidManifest.xml:57:13-59:85
114                android:name="com.google.firebase.components:com.google.firebase.messaging.FirebaseMessagingKtxRegistrar"
114-->[com.google.firebase:firebase-messaging:24.1.2] AndroidManifest.xml:58:17-122
115                android:value="com.google.firebase.components.ComponentRegistrar" />
115-->[com.google.firebase:firebase-messaging:24.1.2] AndroidManifest.xml:59:17-82
116            <meta-data
116-->[com.google.firebase:firebase-messaging:24.1.2] AndroidManifest.xml:60:13-62:85
117                android:name="com.google.firebase.components:com.google.firebase.messaging.FirebaseMessagingRegistrar"
117-->[com.google.firebase:firebase-messaging:24.1.2] AndroidManifest.xml:61:17-119
118                android:value="com.google.firebase.components.ComponentRegistrar" />
118-->[com.google.firebase:firebase-messaging:24.1.2] AndroidManifest.xml:62:17-82
119            <meta-data
119-->[com.google.firebase:firebase-storage:21.0.2] AndroidManifest.xml:30:13-32:85
120                android:name="com.google.firebase.components:com.google.firebase.storage.FirebaseStorageKtxRegistrar"
120-->[com.google.firebase:firebase-storage:21.0.2] AndroidManifest.xml:31:17-118
121                android:value="com.google.firebase.components.ComponentRegistrar" />
121-->[com.google.firebase:firebase-storage:21.0.2] AndroidManifest.xml:32:17-82
122            <meta-data
122-->[com.google.firebase:firebase-storage:21.0.2] AndroidManifest.xml:33:13-35:85
123                android:name="com.google.firebase.components:com.google.firebase.storage.StorageRegistrar"
123-->[com.google.firebase:firebase-storage:21.0.2] AndroidManifest.xml:34:17-107
124                android:value="com.google.firebase.components.ComponentRegistrar" />
124-->[com.google.firebase:firebase-storage:21.0.2] AndroidManifest.xml:35:17-82
125            <meta-data
125-->[com.google.firebase:firebase-installations:18.0.0] AndroidManifest.xml:15:13-17:85
126                android:name="com.google.firebase.components:com.google.firebase.installations.FirebaseInstallationsKtxRegistrar"
126-->[com.google.firebase:firebase-installations:18.0.0] AndroidManifest.xml:16:17-130
127                android:value="com.google.firebase.components.ComponentRegistrar" />
127-->[com.google.firebase:firebase-installations:18.0.0] AndroidManifest.xml:17:17-82
128            <meta-data
128-->[com.google.firebase:firebase-installations:18.0.0] AndroidManifest.xml:18:13-20:85
129                android:name="com.google.firebase.components:com.google.firebase.installations.FirebaseInstallationsRegistrar"
129-->[com.google.firebase:firebase-installations:18.0.0] AndroidManifest.xml:19:17-127
130                android:value="com.google.firebase.components.ComponentRegistrar" />
130-->[com.google.firebase:firebase-installations:18.0.0] AndroidManifest.xml:20:17-82
131            <meta-data
131-->[com.google.firebase:firebase-appcheck:18.0.0] AndroidManifest.xml:25:13-27:85
132                android:name="com.google.firebase.components:com.google.firebase.appcheck.FirebaseAppCheckKtxRegistrar"
132-->[com.google.firebase:firebase-appcheck:18.0.0] AndroidManifest.xml:26:17-120
133                android:value="com.google.firebase.components.ComponentRegistrar" />
133-->[com.google.firebase:firebase-appcheck:18.0.0] AndroidManifest.xml:27:17-82
134            <meta-data
134-->[com.google.firebase:firebase-appcheck:18.0.0] AndroidManifest.xml:28:13-30:85
135                android:name="com.google.firebase.components:com.google.firebase.appcheck.FirebaseAppCheckRegistrar"
135-->[com.google.firebase:firebase-appcheck:18.0.0] AndroidManifest.xml:29:17-117
136                android:value="com.google.firebase.components.ComponentRegistrar" />
136-->[com.google.firebase:firebase-appcheck:18.0.0] AndroidManifest.xml:30:17-82
137            <meta-data
137-->[com.google.firebase:firebase-common-ktx:21.0.0] AndroidManifest.xml:12:13-14:85
138                android:name="com.google.firebase.components:com.google.firebase.ktx.FirebaseCommonLegacyRegistrar"
138-->[com.google.firebase:firebase-common-ktx:21.0.0] AndroidManifest.xml:13:17-116
139                android:value="com.google.firebase.components.ComponentRegistrar" />
139-->[com.google.firebase:firebase-common-ktx:21.0.0] AndroidManifest.xml:14:17-82
140            <meta-data
140-->[com.google.firebase:firebase-common:21.0.0] AndroidManifest.xml:35:13-37:85
141                android:name="com.google.firebase.components:com.google.firebase.FirebaseCommonKtxRegistrar"
141-->[com.google.firebase:firebase-common:21.0.0] AndroidManifest.xml:36:17-109
142                android:value="com.google.firebase.components.ComponentRegistrar" />
142-->[com.google.firebase:firebase-common:21.0.0] AndroidManifest.xml:37:17-82
143            <meta-data
143-->[com.google.firebase:firebase-datatransport:18.2.0] AndroidManifest.xml:25:13-27:85
144                android:name="com.google.firebase.components:com.google.firebase.datatransport.TransportRegistrar"
144-->[com.google.firebase:firebase-datatransport:18.2.0] AndroidManifest.xml:26:17-115
145                android:value="com.google.firebase.components.ComponentRegistrar" />
145-->[com.google.firebase:firebase-datatransport:18.2.0] AndroidManifest.xml:27:17-82
146        </service>
147        <service
147-->[:firebase_messaging] AndroidManifest.xml:14:9-17:72
148            android:name="io.flutter.plugins.firebase.messaging.FlutterFirebaseMessagingBackgroundService"
148-->[:firebase_messaging] AndroidManifest.xml:15:13-107
149            android:exported="false"
149-->[:firebase_messaging] AndroidManifest.xml:16:13-37
150            android:permission="android.permission.BIND_JOB_SERVICE" />
150-->[:firebase_messaging] AndroidManifest.xml:17:13-69
151        <service
151-->[:firebase_messaging] AndroidManifest.xml:18:9-24:19
152            android:name="io.flutter.plugins.firebase.messaging.FlutterFirebaseMessagingService"
152-->[:firebase_messaging] AndroidManifest.xml:19:13-97
153            android:exported="false" >
153-->[:firebase_messaging] AndroidManifest.xml:20:13-37
154            <intent-filter>
154-->[:firebase_messaging] AndroidManifest.xml:21:13-23:29
155                <action android:name="com.google.firebase.MESSAGING_EVENT" />
155-->[:firebase_messaging] AndroidManifest.xml:22:17-78
155-->[:firebase_messaging] AndroidManifest.xml:22:25-75
156            </intent-filter>
157        </service>
158
159        <receiver
159-->[:firebase_messaging] AndroidManifest.xml:26:9-33:20
160            android:name="io.flutter.plugins.firebase.messaging.FlutterFirebaseMessagingReceiver"
160-->[:firebase_messaging] AndroidManifest.xml:27:13-98
161            android:exported="true"
161-->[:firebase_messaging] AndroidManifest.xml:28:13-36
162            android:permission="com.google.android.c2dm.permission.SEND" >
162-->[:firebase_messaging] AndroidManifest.xml:29:13-73
163            <intent-filter>
163-->[:firebase_messaging] AndroidManifest.xml:30:13-32:29
164                <action android:name="com.google.android.c2dm.intent.RECEIVE" />
164-->[:firebase_messaging] AndroidManifest.xml:31:17-81
164-->[:firebase_messaging] AndroidManifest.xml:31:25-78
165            </intent-filter>
166        </receiver>
167
168        <provider
168-->[:firebase_messaging] AndroidManifest.xml:41:9-45:38
169            android:name="io.flutter.plugins.firebase.messaging.FlutterFirebaseMessagingInitProvider"
169-->[:firebase_messaging] AndroidManifest.xml:42:13-102
170            android:authorities="com.example.inventry_app.flutterfirebasemessaginginitprovider"
170-->[:firebase_messaging] AndroidManifest.xml:43:13-88
171            android:exported="false"
171-->[:firebase_messaging] AndroidManifest.xml:44:13-37
172            android:initOrder="99" />
172-->[:firebase_messaging] AndroidManifest.xml:45:13-35
173
174        <activity
174-->[com.google.firebase:firebase-auth:23.2.1] AndroidManifest.xml:29:9-46:20
175            android:name="com.google.firebase.auth.internal.GenericIdpActivity"
175-->[com.google.firebase:firebase-auth:23.2.1] AndroidManifest.xml:30:13-80
176            android:excludeFromRecents="true"
176-->[com.google.firebase:firebase-auth:23.2.1] AndroidManifest.xml:31:13-46
177            android:exported="true"
177-->[com.google.firebase:firebase-auth:23.2.1] AndroidManifest.xml:32:13-36
178            android:launchMode="singleTask"
178-->[com.google.firebase:firebase-auth:23.2.1] AndroidManifest.xml:33:13-44
179            android:theme="@android:style/Theme.Translucent.NoTitleBar" >
179-->[com.google.firebase:firebase-auth:23.2.1] AndroidManifest.xml:34:13-72
180            <intent-filter>
180-->[com.google.firebase:firebase-auth:23.2.1] AndroidManifest.xml:35:13-45:29
181                <action android:name="android.intent.action.VIEW" />
181-->[com.google.firebase:firebase-auth:23.2.1] AndroidManifest.xml:36:17-69
181-->[com.google.firebase:firebase-auth:23.2.1] AndroidManifest.xml:36:25-66
182
183                <category android:name="android.intent.category.DEFAULT" />
183-->[com.google.firebase:firebase-auth:23.2.1] AndroidManifest.xml:38:17-76
183-->[com.google.firebase:firebase-auth:23.2.1] AndroidManifest.xml:38:27-73
184                <category android:name="android.intent.category.BROWSABLE" />
184-->[com.google.firebase:firebase-auth:23.2.1] AndroidManifest.xml:39:17-78
184-->[com.google.firebase:firebase-auth:23.2.1] AndroidManifest.xml:39:27-75
185
186                <data
186-->src\main\AndroidManifest.xml:42:13-50
187                    android:host="firebase.auth"
188                    android:path="/"
189                    android:scheme="genericidp" />
190            </intent-filter>
191        </activity>
192        <activity
192-->[com.google.firebase:firebase-auth:23.2.1] AndroidManifest.xml:47:9-64:20
193            android:name="com.google.firebase.auth.internal.RecaptchaActivity"
193-->[com.google.firebase:firebase-auth:23.2.1] AndroidManifest.xml:48:13-79
194            android:excludeFromRecents="true"
194-->[com.google.firebase:firebase-auth:23.2.1] AndroidManifest.xml:49:13-46
195            android:exported="true"
195-->[com.google.firebase:firebase-auth:23.2.1] AndroidManifest.xml:50:13-36
196            android:launchMode="singleTask"
196-->[com.google.firebase:firebase-auth:23.2.1] AndroidManifest.xml:51:13-44
197            android:theme="@android:style/Theme.Translucent.NoTitleBar" >
197-->[com.google.firebase:firebase-auth:23.2.1] AndroidManifest.xml:52:13-72
198            <intent-filter>
198-->[com.google.firebase:firebase-auth:23.2.1] AndroidManifest.xml:53:13-63:29
199                <action android:name="android.intent.action.VIEW" />
199-->[com.google.firebase:firebase-auth:23.2.1] AndroidManifest.xml:36:17-69
199-->[com.google.firebase:firebase-auth:23.2.1] AndroidManifest.xml:36:25-66
200
201                <category android:name="android.intent.category.DEFAULT" />
201-->[com.google.firebase:firebase-auth:23.2.1] AndroidManifest.xml:38:17-76
201-->[com.google.firebase:firebase-auth:23.2.1] AndroidManifest.xml:38:27-73
202                <category android:name="android.intent.category.BROWSABLE" />
202-->[com.google.firebase:firebase-auth:23.2.1] AndroidManifest.xml:39:17-78
202-->[com.google.firebase:firebase-auth:23.2.1] AndroidManifest.xml:39:27-75
203
204                <data
204-->src\main\AndroidManifest.xml:42:13-50
205                    android:host="firebase.auth"
206                    android:path="/"
207                    android:scheme="recaptcha" />
208            </intent-filter>
209        </activity>
210
211        <receiver
211-->[com.google.firebase:firebase-messaging:24.1.2] AndroidManifest.xml:29:9-40:20
212            android:name="com.google.firebase.iid.FirebaseInstanceIdReceiver"
212-->[com.google.firebase:firebase-messaging:24.1.2] AndroidManifest.xml:30:13-78
213            android:exported="true"
213-->[com.google.firebase:firebase-messaging:24.1.2] AndroidManifest.xml:31:13-36
214            android:permission="com.google.android.c2dm.permission.SEND" >
214-->[com.google.firebase:firebase-messaging:24.1.2] AndroidManifest.xml:32:13-73
215            <intent-filter>
215-->[:firebase_messaging] AndroidManifest.xml:30:13-32:29
216                <action android:name="com.google.android.c2dm.intent.RECEIVE" />
216-->[:firebase_messaging] AndroidManifest.xml:31:17-81
216-->[:firebase_messaging] AndroidManifest.xml:31:25-78
217            </intent-filter>
218
219            <meta-data
219-->[com.google.firebase:firebase-messaging:24.1.2] AndroidManifest.xml:37:13-39:40
220                android:name="com.google.android.gms.cloudmessaging.FINISHED_AFTER_HANDLED"
220-->[com.google.firebase:firebase-messaging:24.1.2] AndroidManifest.xml:38:17-92
221                android:value="true" />
221-->[com.google.firebase:firebase-messaging:24.1.2] AndroidManifest.xml:39:17-37
222        </receiver>
223        <!--
224             FirebaseMessagingService performs security checks at runtime,
225             but set to not exported to explicitly avoid allowing another app to call it.
226        -->
227        <service
227-->[com.google.firebase:firebase-messaging:24.1.2] AndroidManifest.xml:46:9-53:19
228            android:name="com.google.firebase.messaging.FirebaseMessagingService"
228-->[com.google.firebase:firebase-messaging:24.1.2] AndroidManifest.xml:47:13-82
229            android:directBootAware="true"
229-->[com.google.firebase:firebase-messaging:24.1.2] AndroidManifest.xml:48:13-43
230            android:exported="false" >
230-->[com.google.firebase:firebase-messaging:24.1.2] AndroidManifest.xml:49:13-37
231            <intent-filter android:priority="-500" >
231-->[:firebase_messaging] AndroidManifest.xml:21:13-23:29
232                <action android:name="com.google.firebase.MESSAGING_EVENT" />
232-->[:firebase_messaging] AndroidManifest.xml:22:17-78
232-->[:firebase_messaging] AndroidManifest.xml:22:25-75
233            </intent-filter>
234        </service>
235
236        <provider
236-->[:image_picker_android] AndroidManifest.xml:9:9-17:20
237            android:name="io.flutter.plugins.imagepicker.ImagePickerFileProvider"
237-->[:image_picker_android] AndroidManifest.xml:10:13-82
238            android:authorities="com.example.inventry_app.flutter.image_provider"
238-->[:image_picker_android] AndroidManifest.xml:11:13-74
239            android:exported="false"
239-->[:image_picker_android] AndroidManifest.xml:12:13-37
240            android:grantUriPermissions="true" >
240-->[:image_picker_android] AndroidManifest.xml:13:13-47
241            <meta-data
241-->[:image_picker_android] AndroidManifest.xml:14:13-16:75
242                android:name="android.support.FILE_PROVIDER_PATHS"
242-->[:image_picker_android] AndroidManifest.xml:15:17-67
243                android:resource="@xml/flutter_image_picker_file_paths" />
243-->[:image_picker_android] AndroidManifest.xml:16:17-72
244        </provider> <!-- Trigger Google Play services to install the backported photo picker module. -->
245        <service
245-->[:image_picker_android] AndroidManifest.xml:19:9-31:19
246            android:name="com.google.android.gms.metadata.ModuleDependencies"
246-->[:image_picker_android] AndroidManifest.xml:20:13-78
247            android:enabled="false"
247-->[:image_picker_android] AndroidManifest.xml:21:13-36
248            android:exported="false" >
248-->[:image_picker_android] AndroidManifest.xml:22:13-37
249            <intent-filter>
249-->[:image_picker_android] AndroidManifest.xml:24:13-26:29
250                <action android:name="com.google.android.gms.metadata.MODULE_DEPENDENCIES" />
250-->[:image_picker_android] AndroidManifest.xml:25:17-94
250-->[:image_picker_android] AndroidManifest.xml:25:25-91
251            </intent-filter>
252
253            <meta-data
253-->[:image_picker_android] AndroidManifest.xml:28:13-30:36
254                android:name="photopicker_activity:0:required"
254-->[:image_picker_android] AndroidManifest.xml:29:17-63
255                android:value="" />
255-->[:image_picker_android] AndroidManifest.xml:30:17-33
256        </service>
257
258        <uses-library
258-->[androidx.window:window:1.2.0] AndroidManifest.xml:23:9-25:40
259            android:name="androidx.window.extensions"
259-->[androidx.window:window:1.2.0] AndroidManifest.xml:24:13-54
260            android:required="false" />
260-->[androidx.window:window:1.2.0] AndroidManifest.xml:25:13-37
261        <uses-library
261-->[androidx.window:window:1.2.0] AndroidManifest.xml:26:9-28:40
262            android:name="androidx.window.sidecar"
262-->[androidx.window:window:1.2.0] AndroidManifest.xml:27:13-51
263            android:required="false" />
263-->[androidx.window:window:1.2.0] AndroidManifest.xml:28:13-37
264
265        <provider
265-->[com.google.firebase:firebase-common:21.0.0] AndroidManifest.xml:23:9-28:39
266            android:name="com.google.firebase.provider.FirebaseInitProvider"
266-->[com.google.firebase:firebase-common:21.0.0] AndroidManifest.xml:24:13-77
267            android:authorities="com.example.inventry_app.firebaseinitprovider"
267-->[com.google.firebase:firebase-common:21.0.0] AndroidManifest.xml:25:13-72
268            android:directBootAware="true"
268-->[com.google.firebase:firebase-common:21.0.0] AndroidManifest.xml:26:13-43
269            android:exported="false"
269-->[com.google.firebase:firebase-common:21.0.0] AndroidManifest.xml:27:13-37
270            android:initOrder="100" />
270-->[com.google.firebase:firebase-common:21.0.0] AndroidManifest.xml:28:13-36
271
272        <service
272-->[androidx.credentials:credentials-play-services-auth:1.2.0-rc01] AndroidManifest.xml:24:9-32:19
273            android:name="androidx.credentials.playservices.CredentialProviderMetadataHolder"
273-->[androidx.credentials:credentials-play-services-auth:1.2.0-rc01] AndroidManifest.xml:25:13-94
274            android:enabled="true"
274-->[androidx.credentials:credentials-play-services-auth:1.2.0-rc01] AndroidManifest.xml:26:13-35
275            android:exported="false" >
275-->[androidx.credentials:credentials-play-services-auth:1.2.0-rc01] AndroidManifest.xml:27:13-37
276            <meta-data
276-->[androidx.credentials:credentials-play-services-auth:1.2.0-rc01] AndroidManifest.xml:29:13-31:104
277                android:name="androidx.credentials.CREDENTIAL_PROVIDER_KEY"
277-->[androidx.credentials:credentials-play-services-auth:1.2.0-rc01] AndroidManifest.xml:30:17-76
278                android:value="androidx.credentials.playservices.CredentialProviderPlayServicesImpl" />
278-->[androidx.credentials:credentials-play-services-auth:1.2.0-rc01] AndroidManifest.xml:31:17-101
279        </service>
280
281        <activity
281-->[androidx.credentials:credentials-play-services-auth:1.2.0-rc01] AndroidManifest.xml:34:9-41:20
282            android:name="androidx.credentials.playservices.HiddenActivity"
282-->[androidx.credentials:credentials-play-services-auth:1.2.0-rc01] AndroidManifest.xml:35:13-76
283            android:configChanges="orientation|screenSize|screenLayout|keyboardHidden"
283-->[androidx.credentials:credentials-play-services-auth:1.2.0-rc01] AndroidManifest.xml:36:13-87
284            android:enabled="true"
284-->[androidx.credentials:credentials-play-services-auth:1.2.0-rc01] AndroidManifest.xml:37:13-35
285            android:exported="false"
285-->[androidx.credentials:credentials-play-services-auth:1.2.0-rc01] AndroidManifest.xml:38:13-37
286            android:fitsSystemWindows="true"
286-->[androidx.credentials:credentials-play-services-auth:1.2.0-rc01] AndroidManifest.xml:39:13-45
287            android:theme="@style/Theme.Hidden" >
287-->[androidx.credentials:credentials-play-services-auth:1.2.0-rc01] AndroidManifest.xml:40:13-48
288        </activity>
289        <activity
289-->[com.google.android.gms:play-services-auth:20.7.0] AndroidManifest.xml:23:9-27:75
290            android:name="com.google.android.gms.auth.api.signin.internal.SignInHubActivity"
290-->[com.google.android.gms:play-services-auth:20.7.0] AndroidManifest.xml:24:13-93
291            android:excludeFromRecents="true"
291-->[com.google.android.gms:play-services-auth:20.7.0] AndroidManifest.xml:25:13-46
292            android:exported="false"
292-->[com.google.android.gms:play-services-auth:20.7.0] AndroidManifest.xml:26:13-37
293            android:theme="@android:style/Theme.Translucent.NoTitleBar" />